%MSG-i ThreadSetup:  (NoModuleName) 13-Aug-2015 23:21:08 CEST pre-events
setting # threads 4
%MSG
13-Aug-2015 23:21:26 CEST  Initiating request to open file file:step2.root
13-Aug-2015 23:21:27 CEST  Successfully opened file file:step2.root
Begin processing the 1st record. Run 1, Event 1, LumiSection 1 at 13-Aug-2015 23:24:13.500 CEST
Begin processing the 2nd record. Run 1, Event 2, LumiSection 1 at 13-Aug-2015 23:24:13.501 CEST
Begin processing the 3rd record. Run 1, Event 3, LumiSection 1 at 13-Aug-2015 23:24:13.503 CEST
Begin processing the 4th record. Run 1, Event 4, LumiSection 1 at 13-Aug-2015 23:24:13.504 CEST
Begin processing the 5th record. Run 1, Event 5, LumiSection 1 at 13-Aug-2015 23:24:30.544 CEST
Begin processing the 6th record. Run 1, Event 6, LumiSection 1 at 13-Aug-2015 23:24:30.565 CEST
Begin processing the 7th record. Run 1, Event 7, LumiSection 1 at 13-Aug-2015 23:24:30.603 CEST
Begin processing the 8th record. Run 1, Event 8, LumiSection 1 at 13-Aug-2015 23:24:30.639 CEST
Begin processing the 9th record. Run 1, Event 9, LumiSection 1 at 13-Aug-2015 23:24:30.856 CEST
Begin processing the 10th record. Run 1, Event 10, LumiSection 1 at 13-Aug-2015 23:24:30.912 CEST
DQMFiller_new::endLumi
DQMFiller_new::endLumi
DQMFiller_new::endLumi
DQMFiller_new::endLumi
DQMFiller_legacy::endLumi
DQMPrintStats::endLumi
DQMStore::printFULLContent. Run: 0 lumi: 0 stream: 0 module: 0  myHisto1_legacy
DQMStore::printFULLContent. Run: 1 lumi: 0 stream: 0 module: 492  myHisto1_new
DQMStore::printFULLContent. Run: 1 lumi: 0 stream: 1 module: 492  myHisto1_new
DQMStore::printFULLContent. Run: 1 lumi: 0 stream: 2 module: 492  myHisto1_new
DQMStore::printFULLContent. Run: 1 lumi: 0 stream: 3 module: 492  myHisto1_new
DQMFiller_new::endRun
DQMFiller_new::endRun
DQMFiller_new::endRun
DQMFiller_new::endRun
DQMFiller_legacy::endRun
DQMPrintStats::endRun
DQMStore::printFULLContent. Run: 0 lumi: 0 stream: 0 module: 0  myHisto1_legacy
DQMStore::printFULLContent. Run: 1 lumi: 0 stream: 0 module: 0  myHisto1_new
DQMStore::printFULLContent. Run: 1 lumi: 0 stream: 0 module: 492  myHisto1_new
DQMStore::printFULLContent. Run: 1 lumi: 0 stream: 1 module: 492  myHisto1_new
DQMStore::printFULLContent. Run: 1 lumi: 0 stream: 2 module: 492  myHisto1_new
DQMStore::printFULLContent. Run: 1 lumi: 0 stream: 3 module: 492  myHisto1_new
13-Aug-2015 23:24:31 CEST  Closed file file:step2.root
DQMFiller_legacy::endJob
DQMPrintStats::endJob
DQMStore::printFULLContent. Run: 0 lumi: 0 stream: 0 module: 0  myHisto1_legacy
DQMStore::printFULLContent. Run: 1 lumi: 0 stream: 0 module: 0  myHisto1_new
DQMStore::printFULLContent. Run: 1 lumi: 0 stream: 0 module: 492  myHisto1_new
DQMStore::printFULLContent. Run: 1 lumi: 0 stream: 1 module: 492  myHisto1_new
DQMStore::printFULLContent. Run: 1 lumi: 0 stream: 2 module: 492  myHisto1_new
DQMStore::printFULLContent. Run: 1 lumi: 0 stream: 3 module: 492  myHisto1_new

=============================================

MessageLogger Summary

 type     category        sev    module        subroutine        count    total
 ---- -------------------- -- ---------------- ----------------  -----    -----
    1 fileAction           -s file_close                             1        1
    2 fileAction           -s file_open                              2        2

 type    category    Examples: run/evt        run/evt          run/evt
 ---- -------------------- ---------------- ---------------- ----------------
    1 fileAction           PostEndRun                        
    2 fileAction           pre-events       pre-events       

Severity    # Occurrences   Total Occurrences
--------    -------------   -----------------
System                  3                   3
